0 info it worked if it ends with ok
1 verbose cli [ '/Users/falk/.nvm/versions/node/v6.9.1/bin/node',
1 verbose cli   '/Users/falk/.nvm/versions/node/v6.9.1/bin/npm',
1 verbose cli   'version',
1 verbose cli   'patch' ]
2 info using npm@3.10.8
3 info using node@v6.9.1
4 error version No valid package.json found
5 verbose stack SyntaxError: Unexpected string in JSON at position 647
5 verbose stack     at Object.parse (native)
5 verbose stack     at /Users/falk/.nvm/versions/node/v6.9.1/lib/node_modules/npm/lib/version.js:114:19
5 verbose stack     at /Users/falk/.nvm/versions/node/v6.9.1/lib/node_modules/npm/node_modules/graceful-fs/graceful-fs.js:78:16
5 verbose stack     at FSReqWrap.readFileAfterClose [as oncomplete] (fs.js:445:3)
6 verbose cwd /Users/falk/code/github.com/niehues/assets
7 error Darwin 16.1.0
8 error argv "/Users/falk/.nvm/versions/node/v6.9.1/bin/node" "/Users/falk/.nvm/versions/node/v6.9.1/bin/npm" "version" "patch"
9 error node v6.9.1
10 error npm  v3.10.8
11 error Unexpected string in JSON at position 647
12 error If you need help, you may report this error at:
12 error     <https://github.com/npm/npm/issues>
13 verbose exit [ 1, true ]
